This file contains any messages produced by compilers while
running configure, to aid debugging if configure makes a mistake.

It was created by configure, which was
generated by GNU Autoconf 2.69.  Invocation command line was

  $ /Library/Frameworks/R.framework/Versions/3.4/Resources/library/RmecabKo/mecab-ko-dic/mecab-ko-dic-2.0.3-20170922/configure 

## --------- ##
## Platform. ##
## --------- ##

hostname = vagelos-ve506-0272.apn.wlan.upenn.edu
uname -m = x86_64
uname -r = 17.0.0
uname -s = Darwin
uname -v = Darwin Kernel Version 17.0.0: Thu Aug 24 21:48:19 PDT 2017; root:xnu-4570.1.46~2/RELEASE_X86_64

/usr/bin/uname -p = i386
/bin/uname -X     = unknown

/bin/arch              = unknown
/usr/bin/arch -k       = unknown
/usr/convex/getsysinfo = unknown
/usr/bin/hostinfo      = Mach kernel version:
	 Darwin Kernel Version 17.0.0: Thu Aug 24 21:48:19 PDT 2017; root:xnu-4570.1.46~2/RELEASE_X86_64
Kernel configured for up to 4 processors.
2 processors are physically available.
4 processors are logically available.
Processor type: x86_64h (Intel x86-64h Haswell)
Processors active: 0 1 2 3
Primary memory available: 8.00 gigabytes
Default processor set: 281 tasks, 999 threads, 4 processors
Load average: 1.57, Mach factor: 2.41
/bin/machine           = unknown
/usr/bin/oslevel       = unknown
/bin/universe          = unknown

PATH: /usr/bin
PATH: /bin
PATH: /usr/sbin
PATH: /sbin
PATH: /usr/local/bin
PATH: /opt/X11/bin


## ----------- ##
## Core tests. ##
## ----------- ##

configure:1754: checking for a BSD-compatible install
configure:1822: result: /usr/bin/install -c
configure:1833: checking whether build environment is sane
configure:1883: result: yes
configure:2024: checking for a thread-safe mkdir -p
configure:2063: result: /usr/local/bin/gmkdir -p
configure:2076: checking for gawk
configure:2106: result: no
configure:2076: checking for mawk
configure:2106: result: no
configure:2076: checking for nawk
configure:2106: result: no
configure:2076: checking for awk
configure:2092: found /usr/bin/awk
configure:2103: result: awk
configure:2114: checking whether make sets $(MAKE)
configure:2136: result: yes
configure:2242: checking for mecab-config
configure:2260: found /usr/local/bin/mecab-config
configure:2272: result: /usr/local/bin/mecab-config
configure:2480: creating ./config.status

## ---------------------- ##
## Running config.status. ##
## ---------------------- ##

This file was extended by config.status, which was
generated by GNU Autoconf 2.69.  Invocation command line was

  CONFIG_FILES    = 
  CONFIG_HEADERS  = 
  CONFIG_LINKS    = 
  CONFIG_COMMANDS = 
  $ ./config.status 

on vagelos-ve506-0272.apn.wlan.upenn.edu

config.status:747: creating Makefile

## ---------------- ##
## Cache variables. ##
## ---------------- ##

ac_cv_env_build_alias_set=
ac_cv_env_build_alias_value=
ac_cv_env_host_alias_set=
ac_cv_env_host_alias_value=
ac_cv_env_target_alias_set=
ac_cv_env_target_alias_value=
ac_cv_path_MECAB_CONFIG=/usr/local/bin/mecab-config
ac_cv_path_install='/usr/bin/install -c'
ac_cv_path_mkdir=/usr/local/bin/gmkdir
ac_cv_prog_AWK=awk
ac_cv_prog_make_make_set=yes

## ----------------- ##
## Output variables. ##
## ----------------- ##

ACLOCAL='${SHELL} /Library/Frameworks/R.framework/Versions/3.4/Resources/library/RmecabKo/mecab-ko-dic/mecab-ko-dic-2.0.3-20170922/missing --run aclocal-1.11'
AMTAR='$${TAR-tar}'
AUTOCONF='${SHELL} /Library/Frameworks/R.framework/Versions/3.4/Resources/library/RmecabKo/mecab-ko-dic/mecab-ko-dic-2.0.3-20170922/missing --run autoconf'
AUTOHEADER='${SHELL} /Library/Frameworks/R.framework/Versions/3.4/Resources/library/RmecabKo/mecab-ko-dic/mecab-ko-dic-2.0.3-20170922/missing --run autoheader'
AUTOMAKE='${SHELL} /Library/Frameworks/R.framework/Versions/3.4/Resources/library/RmecabKo/mecab-ko-dic/mecab-ko-dic-2.0.3-20170922/missing --run automake-1.11'
AWK='awk'
CHARSET='UTF-8'
CYGPATH_W='echo'
DEFS='-DPACKAGE_NAME=\"\" -DPACKAGE_TARNAME=\"\" -DPACKAGE_VERSION=\"\" -DPACKAGE_STRING=\"\" -DPACKAGE_BUGREPORT=\"\" -DPACKAGE_URL=\"\" -DPACKAGE=\"mecab-ko-dic\" -DVERSION=\"2.0.0\"'
ECHO_C='\c'
ECHO_N=''
ECHO_T=''
INSTALL_DATA='${INSTALL} -m 644'
INSTALL_PROGRAM='${INSTALL}'
INSTALL_SCRIPT='${INSTALL}'
INSTALL_STRIP_PROGRAM='$(install_sh) -c -s'
LIBOBJS=''
LIBS=''
LTLIBOBJS=''
MAKEINFO='${SHELL} /Library/Frameworks/R.framework/Versions/3.4/Resources/library/RmecabKo/mecab-ko-dic/mecab-ko-dic-2.0.3-20170922/missing --run makeinfo'
MECAB_CONFIG='/usr/local/bin/mecab-config'
MECAB_DICDIR='/usr/local/lib/mecab/dic/mecab-ko-dic'
MECAB_DICT_INDEX='/usr/local/libexec/mecab/mecab-dict-index'
MECAB_GENDATA='model.bin matrix.bin char.bin sys.dic unk.dic'
MECAB_LEXICAL_DIC='*.csv'
MECAB_MECABRC='/usr/local/etc/mecabrc'
MECAB_PREDATA='*.def dicrc'
MKDIR_P='/usr/local/bin/gmkdir -p'
PACKAGE='mecab-ko-dic'
PACKAGE_BUGREPORT=''
PACKAGE_NAME=''
PACKAGE_STRING=''
PACKAGE_TARNAME=''
PACKAGE_URL=''
PACKAGE_VERSION=''
PATH_SEPARATOR=':'
SET_MAKE=''
SHELL='/bin/sh'
STRIP=''
VERSION='2.0.0'
am__isrc=' -I$(srcdir)'
am__leading_dot='.'
am__tar='$${TAR-tar} chof - "$$tardir"'
am__untar='$${TAR-tar} xf -'
bindir='${exec_prefix}/bin'
build_alias=''
datadir='${datarootdir}'
datarootdir='${prefix}/share'
docdir='${datarootdir}/doc/${PACKAGE}'
dvidir='${docdir}'
exec_prefix='${prefix}'
host_alias=''
htmldir='${docdir}'
includedir='${prefix}/include'
infodir='${datarootdir}/info'
install_sh='${SHELL} /Library/Frameworks/R.framework/Versions/3.4/Resources/library/RmecabKo/mecab-ko-dic/mecab-ko-dic-2.0.3-20170922/install-sh'
libdir='${exec_prefix}/lib'
libexecdir='${exec_prefix}/libexec'
localedir='${datarootdir}/locale'
localstatedir='${prefix}/var'
mandir='${datarootdir}/man'
mkdir_p='/usr/local/bin/gmkdir -p'
oldincludedir='/usr/include'
pdfdir='${docdir}'
prefix='/usr/local'
program_transform_name='s,x,x,'
psdir='${docdir}'
sbindir='${exec_prefix}/sbin'
sharedstatedir='${prefix}/com'
sysconfdir='${prefix}/etc'
target_alias=''

## ----------- ##
## confdefs.h. ##
## ----------- ##

/* confdefs.h */
#define PACKAGE_NAME ""
#define PACKAGE_TARNAME ""
#define PACKAGE_VERSION ""
#define PACKAGE_STRING ""
#define PACKAGE_BUGREPORT ""
#define PACKAGE_URL ""
#define PACKAGE "mecab-ko-dic"
#define VERSION "2.0.0"

configure: exit 0
