* installing *source* package ‘RmecabKo’ ...
** this is package ‘RmecabKo’ version ‘0.3.0’
** using staged installation
** libs
using C++ compiler: ‘Apple clang version 16.0.0 (clang-1600.0.26.6)’
using SDK: ‘MacOSX15.2.sdk’
clang++ -std=gnu++20 -I"/opt/homebrew/Cellar/r/4.6.1/lib/R/include" -DNDEBUG  -I'/opt/homebrew/lib/R/4.6/site-library/Rcpp/include' -I/opt/homebrew/opt/gettext/include -I/opt/homebrew/opt/readline/include -I/opt/homebrew/opt/xz/include -I/opt/homebrew/include    -fPIC  -g -O2   -c RcppExports.cpp -o RcppExports.o
clang++ -std=gnu++20 -I"/opt/homebrew/Cellar/r/4.6.1/lib/R/include" -DNDEBUG  -I'/opt/homebrew/lib/R/4.6/site-library/Rcpp/include' -I/opt/homebrew/opt/gettext/include -I/opt/homebrew/opt/readline/include -I/opt/homebrew/opt/xz/include -I/opt/homebrew/include    -fPIC  -g -O2   -c n_grams.cpp -o n_grams.o
clang++ -std=gnu++20 -dynamiclib -Wl,-headerpad_max_install_names -undefined dynamic_lookup -L/opt/homebrew/Cellar/r/4.6.1/lib/R/lib -L/opt/homebrew/opt/gettext/lib -L/opt/homebrew/opt/readline/lib -L/opt/homebrew/opt/xz/lib -L/opt/homebrew/lib -o RmecabKo.so RcppExports.o n_grams.o -L/opt/homebrew/Cellar/r/4.6.1/lib/R/lib -lR
installing to /Users/jk/programming/RmecabKo/RmecabKo.Rcheck/00LOCK-RmecabKo/00new/RmecabKo/libs
** R
** data
*** moving datasets to lazyload DB
** inst
** byte-compile and prepare package for lazy loading
** help
*** installing help indices
** building package indices
** installing vignettes
** testing if installed package can be loaded from temporary location
** checking absolute paths in shared objects and dynamic libraries
** testing if installed package can be loaded from final location
** testing if installed package keeps a record of temporary installation path
* DONE (RmecabKo)
